<?xml version="1.0" encoding="utf-8"?><testsuites name="pytest tests"><testsuite name="pytest" errors="0" failures="1" skipped="0" tests="23" time="3.232" timestamp="2026-05-16T10:41:17.758417+00:00" hostname="agent-env-cd4a7e00-c1db-4f4b-80ec-d1b270abc461"><testcase classname="backend.tests.test_admin.TestAuth" name="test_login_success" time="0.505" /><testcase classname="backend.tests.test_admin.TestAuth" name="test_login_wrong_password" time="0.275" /><testcase classname="backend.tests.test_admin.TestAuth" name="test_me_with_token" time="0.749" /><testcase classname="backend.tests.test_admin.TestAuth" name="test_me_without_token" time="0.050" /><testcase classname="backend.tests.test_admin.TestAuth" name="test_me_with_invalid_token" time="0.155" /><testcase classname="backend.tests.test_admin.TestLockout" name="test_brute_force_lockout" time="0.356"><failure message="AssertionError: Expected lockout (429) after 5+ bad attempts&#10;assert False">backend/tests/test_admin.py:89: in test_brute_force_lockout
    assert got_429, "Expected lockout (429) after 5+ bad attempts"
E   AssertionError: Expected lockout (429) after 5+ bad attempts
E   assert False</failure></testcase><testcase classname="backend.tests.test_admin.TestAdminGuards" name="test_unauth_returns_401[/api/admin/inquiries]" time="0.050" /><testcase classname="backend.tests.test_admin.TestAdminGuards" name="test_unauth_returns_401[/api/admin/newsletter]" time="0.050" /><testcase classname="backend.tests.test_admin.TestAdminGuards" name="test_unauth_returns_401[/api/admin/analytics/summary]" time="0.048" /><testcase classname="backend.tests.test_admin.TestAdminGuards" name="test_unauth_returns_401[/api/admin/analytics/timeseries]" time="0.048" /><testcase classname="backend.tests.test_admin.TestAdminGuards" name="test_unauth_returns_401[/api/admin/export/inquiries.csv]" time="0.051" /><testcase classname="backend.tests.test_admin.TestAdminGuards" name="test_unauth_returns_401[/api/admin/export/inquiries.xlsx]" time="0.047" /><testcase classname="backend.tests.test_admin.TestAdminGuards" name="test_unauth_returns_401[/api/admin/export/newsletter.csv]" time="0.048" /><testcase classname="backend.tests.test_admin.TestAdminGuards" name="test_unauth_returns_401[/api/admin/export/newsletter.xlsx]" time="0.046" /><testcase classname="backend.tests.test_admin.TestAdminData" name="test_inquiries" time="0.042" /><testcase classname="backend.tests.test_admin.TestAdminData" name="test_newsletter" time="0.044" /><testcase classname="backend.tests.test_admin.TestTrackingAndAnalytics" name="test_visit_then_heartbeat" time="0.095" /><testcase classname="backend.tests.test_admin.TestTrackingAndAnalytics" name="test_analytics_summary" time="0.044" /><testcase classname="backend.tests.test_admin.TestTrackingAndAnalytics" name="test_analytics_timeseries" time="0.047" /><testcase classname="backend.tests.test_admin.TestExports" name="test_inquiries_csv" time="0.060" /><testcase classname="backend.tests.test_admin.TestExports" name="test_inquiries_xlsx" time="0.050" /><testcase classname="backend.tests.test_admin.TestExports" name="test_newsletter_csv" time="0.082" /><testcase classname="backend.tests.test_admin.TestExports" name="test_newsletter_xlsx" time="0.086" /></testsuite></testsuites>