<?xml version="1.0" encoding="utf-8"?><testsuites name="pytest tests"><testsuite name="pytest" errors="0" failures="0" skipped="0" tests="32" time="3.771" timestamp="2026-05-16T10:41:57.461156+00:00" hostname="agent-env-cd4a7e00-c1db-4f4b-80ec-d1b270abc461"><testcase classname="backend.tests.test_admin.TestAuth" name="test_login_success" time="0.395" /><testcase classname="backend.tests.test_admin.TestAuth" name="test_login_wrong_password" time="0.274" /><testcase classname="backend.tests.test_admin.TestAuth" name="test_me_with_token" time="0.371" /><testcase classname="backend.tests.test_admin.TestAuth" name="test_me_without_token" time="0.045" /><testcase classname="backend.tests.test_admin.TestAuth" name="test_me_with_invalid_token" time="0.164" /><testcase classname="backend.tests.test_admin.TestLockout" name="test_brute_force_lockout" time="0.461" /><testcase classname="backend.tests.test_admin.TestAdminGuards" name="test_unauth_returns_401[/api/admin/inquiries]" time="0.048" /><testcase classname="backend.tests.test_admin.TestAdminGuards" name="test_unauth_returns_401[/api/admin/newsletter]" time="0.043" /><testcase classname="backend.tests.test_admin.TestAdminGuards" name="test_unauth_returns_401[/api/admin/analytics/summary]" time="0.044" /><testcase classname="backend.tests.test_admin.TestAdminGuards" name="test_unauth_returns_401[/api/admin/analytics/timeseries]" time="0.041" /><testcase classname="backend.tests.test_admin.TestAdminGuards" name="test_unauth_returns_401[/api/admin/export/inquiries.csv]" time="0.048" /><testcase classname="backend.tests.test_admin.TestAdminGuards" name="test_unauth_returns_401[/api/admin/export/inquiries.xlsx]" time="0.044" /><testcase classname="backend.tests.test_admin.TestAdminGuards" name="test_unauth_returns_401[/api/admin/export/newsletter.csv]" time="0.041" /><testcase classname="backend.tests.test_admin.TestAdminGuards" name="test_unauth_returns_401[/api/admin/export/newsletter.xlsx]" time="0.044" /><testcase classname="backend.tests.test_admin.TestAdminData" name="test_inquiries" time="0.042" /><testcase classname="backend.tests.test_admin.TestAdminData" name="test_newsletter" time="0.048" /><testcase classname="backend.tests.test_admin.TestTrackingAndAnalytics" name="test_visit_then_heartbeat" time="0.092" /><testcase classname="backend.tests.test_admin.TestTrackingAndAnalytics" name="test_analytics_summary" time="0.045" /><testcase classname="backend.tests.test_admin.TestTrackingAndAnalytics" name="test_analytics_timeseries" time="0.047" /><testcase classname="backend.tests.test_admin.TestExports" name="test_inquiries_csv" time="0.049" /><testcase classname="backend.tests.test_admin.TestExports" name="test_inquiries_xlsx" time="0.049" /><testcase classname="backend.tests.test_admin.TestExports" name="test_newsletter_csv" time="0.043" /><testcase classname="backend.tests.test_admin.TestExports" name="test_newsletter_xlsx" time="0.048" /><testcase classname="backend.tests.test_api.TestHealth" name="test_root" time="0.096" /><testcase classname="backend.tests.test_api.TestHealth" name="test_health" time="0.106" /><testcase classname="backend.tests.test_api.TestContact" name="test_create_contact_and_list" time="0.138" /><testcase classname="backend.tests.test_api.TestContact" name="test_contact_minimal_required_fields" time="0.112" /><testcase classname="backend.tests.test_api.TestContact" name="test_contact_rejects_invalid_email" time="0.098" /><testcase classname="backend.tests.test_api.TestContact" name="test_contact_rejects_missing_fields" time="0.094" /><testcase classname="backend.tests.test_api.TestContact" name="test_contact_list_sorted_desc" time="0.090" /><testcase classname="backend.tests.test_api.TestNewsletter" name="test_subscribe" time="0.310" /><testcase classname="backend.tests.test_api.TestNewsletter" name="test_newsletter_rejects_invalid_email" time="0.093" /></testsuite></testsuites>