<?xml version="1.0" encoding="utf-8"?><testsuites name="pytest tests"><testsuite name="pytest" errors="0" failures="0" skipped="0" tests="9" time="1.513" timestamp="2026-05-15T09:54:19.765341+00:00" hostname="agent-env-cd4a7e00-c1db-4f4b-80ec-d1b270abc461"><testcase classname="backend.tests.test_api.TestHealth" name="test_root" time="0.268" /><testcase classname="backend.tests.test_api.TestHealth" name="test_health" time="0.103" /><testcase classname="backend.tests.test_api.TestContact" name="test_create_contact_and_list" time="0.192" /><testcase classname="backend.tests.test_api.TestContact" name="test_contact_minimal_required_fields" time="0.123" /><testcase classname="backend.tests.test_api.TestContact" name="test_contact_rejects_invalid_email" time="0.135" /><testcase classname="backend.tests.test_api.TestContact" name="test_contact_rejects_missing_fields" time="0.108" /><testcase classname="backend.tests.test_api.TestContact" name="test_contact_list_sorted_desc" time="0.129" /><testcase classname="backend.tests.test_api.TestNewsletter" name="test_subscribe" time="0.183" /><testcase classname="backend.tests.test_api.TestNewsletter" name="test_newsletter_rejects_invalid_email" time="0.106" /></testsuite></testsuites>